2024-07-17 18:32:58,612 - qtpyvcp - INFO - Logging to /home/linuxcnc/linuxcnc/configs/CNC/sim.log
2024-07-17 18:32:58,612 - qtpyvcp - INFO - QtPyVCP Version: 0+unknown
2024-07-17 18:32:58,648 - qtpyvcp - DEBUG - Qt Version: 5.15.8
2024-07-17 18:32:58,648 - qtpyvcp - DEBUG - Qt API: QT_API
2024-07-17 18:32:58,648 - qtpyvcp - DEBUG - QtPy Version: 2.3.0
2024-07-17 18:32:58,649 - qtpyvcp - DEBUG - Command line options:
{
    "command_line_args": null,
    "config_file": "/home/linuxcnc/linuxcnc/configs/CNC/custom_config.yml",
    "confirm_exit": null,
    "develop": false,
    "fullscreen": true,
    "help": false,
    "hide_cursor": false,
    "hide_menu_bar": false,
    "hide_status_bar": false,
    "info": false,
    "ini": "/home/linuxcnc/linuxcnc/configs/CNC/CNC.ini",
    "log_file": "/home/linuxcnc/linuxcnc/configs/CNC/sim.log",
    "log_level": "DEBUG",
    "maximize": null,
    "perfmon": false,
    "position": null,
    "qt_api": null,
    "size": null,
    "stylesheet": null,
    "theme": null,
    "version": false
}
2024-07-17 18:32:58,740 - qtpyvcp.utilities.config_loader - DEBUG - Loading config files: ['/home/linuxcnc/linuxcnc/configs/CNC/custom_config.yml', '/usr/lib/python3/dist-packages/probe_basic/probe_basic.yml', '/usr/lib/python3/dist-packages/qtpyvcp/yaml_lib/default_config.yml']
2024-07-17 18:32:59,050 - qtpyvcp.utilities.config_loader - DEBUG - Merged YAML config:

default_menubar:
- title: File
  items:
  - title: '&Open ...'
    action: win.openFile
    shortcut: ctrl+o
  - title: '&Recent Files'
    provider: qtpyvcp.widgets.recent_files_menu:RecentFilesMenu
  - title: '&Reload'
    action: program.reload
  - title: '&Close'
    action: program.clear
  - title: Save &As
    action: null
  - separator
  - title: Edit ToolTable
    action: win.showDialog
    args:
    - tool_edit
  - separator
  - title: Exit
    action: app.exit
    shortcut: ctrl+q
  - title: Shutdown
    action: win.showDialog
    args:
    - shutdown
- title: Machine
  items:
  - title: Toggle E-Stop
    action: machine.estop.toggle
    shortcut: F1
  - title: Toggle Power
    action: machine.power.toggle
    shortcut: F2
  - separator
  - title: Run Program
    action: program.run
    shortcut: R
  - title: Step
    action: program.step
    shortcut: T
  - title: Pause
    action: program.pause
    shortcut: P
  - title: Resume
    action: program.resume
    shortcut: R
  - title: Abort
    action: program.abort
    shortcut: esc
  - title: Optional Stop
    action: program.optional_stop.toggle
  - title: Optional Skip
    action: program.optional_skip.toggle
  - separator
  - title: Homing
    provider: qtpyvcp.widgets.menus.homing_menu:HomingMenu
  - title: Cooling
    items:
    - title: Flood
      action: coolant.flood.toggle
      shortcut: F7
    - title: Mist
      action: coolant.mist.toggle
      shortcut: F8
  - title: Set Work Offsets
    action: win.showDialog
    args:
    - set_work_offsets
  - separator
  - title: Override Limits
    action: machine.override_limits
- title: Settings
  items:
  - title: Show On-screen Keyboard
    action: settings.virtual-input.enable
- title: View
  items:
  - title: Show Gridlines
    action: settings.backplot.show-grid
  - separator
  - title: Show Machine Bounds
    action: settings.backplot.show-machine-bounds
  - title: Show Machine Labels
    action: settings.backplot.show-machine-labels
  - title: Show Machine Ticks
    action: settings.backplot.show-machine-ticks
  - separator
  - title: Show Program Bounds
    action: settings.backplot.show-program-bounds
  - title: Use Colors for Motion type
    action: settings.backplot.multitool-colors
  - separator
  - title: Perspective View
    action: settings.backplot.perspective-view
  - title: View Angle
    action: settings.backplot.view
- title: Tools
  items:
  - title: HAL Meter
    action: tool.halmeter
  - title: HAL Scope
    action: tool.halscope
  - title: HAL Show
    action: tool.halshow
  - title: LCNC Status
    action: tool.status
  - title: Calibration
    action: tool.calibration
  - title: Classicladder PLC
    action: tool.classicladder
  - title: Simulated Probe
    action: tool.simulate_probe
- title: About
  items:
  - title: About QtPyVCP
    action: win.showDialog
    args:
    - about_qtpyvcp
  - title: About Qt
    action: app.aboutQt
vcp:
  name: Probe Basic
  version: v0.0.1
  author: Chris Polanski
  description: Probe Basic description ...
windows:
  mainwindow:
    provider: probe_basic.probe_basic:ProbeBasic
    kwargs:
      menu: &id001
      - title: File
        items:
        - title: '&Open ...'
          action: win.openFile
          shortcut: ctrl+o
        - title: '&Recent Files'
          provider: qtpyvcp.widgets.recent_files_menu:RecentFilesMenu
        - title: '&Reload'
          action: program.reload
        - title: '&Close'
          action: program.clear
        - title: Save &As
          action: null
        - separator
        - title: Exit
          action: app.exit
          shortcut: ctrl+q
      - title: Machine
        items:
        - title: Toggle E-Stop
          action: machine.estop.toggle
          shortcut: F1
        - title: Toggle Power
          action: machine.power.toggle
          shortcut: F2
        - separator
        - title: Run Program
          action: program.run
          shortcut: R
        - title: Step
          action: program.step
          shortcut: T
        - title: Pause
          action: program.pause
          shortcut: P
        - title: Resume
          action: program.resume
          shortcut: R
        - title: Abort
          action: program.abort
          shortcut: esc
        - title: Optional Stop
          action: program.optional_stop.toggle
        - title: Optional Skip
          action: program.optional_skip.toggle
        - separator
        - title: Homing
          provider: qtpyvcp.widgets.menus.homing_menu:HomingMenu
        - title: Cooling
          items:
          - title: Flood
            action: coolant.flood.toggle
            shortcut: F7
          - title: Mist
            action: coolant.mist.toggle
            shortcut: F8
        - title: Set Work Offsets
          action: win.showDialog
          args:
          - set_work_offsets
        - separator
        - title: Override Limits
          action: machine.override_limits
      - title: Settings
        items:
        - title: Show On-screen Keyboard
          action: settings.virtual-input.enable
      - title: View
        items:
        - title: Show Gridlines
          action: settings.backplot.show-grid
        - separator
        - title: Show Machine Bounds
          action: settings.backplot.show-machine-bounds
        - title: Show Machine Labels
          action: settings.backplot.show-machine-labels
        - title: Show Machine Ticks
          action: settings.backplot.show-machine-ticks
        - separator
        - title: Show Program Bounds
          action: settings.backplot.show-program-bounds
        - title: Show Program Labels
          action: settings.backplot.show-program-labels
        - title: Show Program Ticks
          action: settings.backplot.show-program-ticks
        - separator
        - title: Perspective View
          action: settings.backplot.perspective-view
        - title: View Angle
          action: settings.backplot.view
      - title: Tools
        items:
        - title: HAL Meter
          action: tool.halmeter
        - title: HAL Scope
          action: tool.halscope
        - title: HAL Show
          action: tool.halshow
        - title: LCNC Status
          action: tool.status
        - title: Calibration
          action: tool.calibration
        - title: Classicladder PLC
          action: tool.classicladder
      - title: About
        items:
        - title: About Probe Basic
          action: win.showDialog
          args:
          - about_probebasic
        - title: About QtPyVCP
          action: win.showDialog
          args:
          - about_qtpyvcp
        - title: About Qt
          action: app.aboutQt
      fullscreen: true
      ui_file: /usr/lib/python3/dist-packages/probe_basic/probe_basic.ui
      confirm_exit: false
data_plugins:
  status:
    provider: qtpyvcp.plugins.status:Status
    kwargs:
      cycle_time: 75
  persistent_data_manager:
    provider: qtpyvcp.plugins.persistent_data_manager:PersistentDataManager
    kwargs:
      serialization_method: pickle
  settings:
    provider: qtpyvcp.plugins.settings:Settings
  position:
    provider: qtpyvcp.plugins.positions:Position
    kwargs:
      report_actual_pos: true
      use_program_units: true
  tooltable:
    provider: qtpyvcp.plugins.tool_table:ToolTable
    kwargs:
      columns: TDZR
  offsettable:
    provider: qtpyvcp.plugins.offset_table:OffsetTable
  notifications:
    provider: qtpyvcp.plugins.notifications:Notifications
    kwargs:
      enabled: true
      mode: native
      max_messages: 5
      persistent: true
  file_locations:
    provider: qtpyvcp.plugins.file_locations:FileLocations
    log_level: debug
    kwargs:
      default_location: NC Files
      local_locations:
        Home: ~/
        Desktop: ~/Desktop
        NC Files: ~/linuxcnc/nc_files
      network_locations: null
  exportedhal:
    provider: qtpyvcp.plugins.exported_hal:ExportedHal
  virtual_input:
    provider: qtpyvcp.plugins.virtual_input_manager:VirtualInputManager
  gcode_properties:
    provider: qtpyvcp.plugins.gcode_properties:GCodeProperties
dialogs:
  open_file:
    provider: qtpyvcp.widgets.dialogs.open_file_dialog:OpenFileDialog
  set_work_offsets:
    provider: qtpyvcp.widgets.dialogs.offsets_dialog:OffsetsDialog
  tool_edit:
    provider: qtpyvcp.widgets.dialogs.tool_edit_dialog:ToolEditDialog
  probe_sim:
    provider: qtpyvcp.widgets.dialogs.probesim_dialog:ProbeSim
  about_qtpyvcp:
    provider: qtpyvcp.widgets.dialogs.about_dialog:AboutDialog
  toolchange:
    provider: qtpyvcp.widgets.dialogs.toolchange_dialog:ToolChangeDialog
    kwargs:
      ui_file: /usr/lib/python3/dist-packages/probe_basic/toolchange_dialog_pb.ui
  shutdown:
    provider: qtpyvcp.widgets.dialogs.shutdown_dialog:ShutDownDialog
  about_probebasic:
    provider: qtpyvcp.widgets.dialogs.about_dialog:AboutDialog
    kwargs:
      ui_file: /usr/lib/python3/dist-packages/probe_basic/about.ui
virtual_input_providers:
  number:
    provider: qtpyvcp.widgets.virtual_input.virtual_input:VirtualInput
    kwargs:
      ui_file: /usr/lib/python3/dist-packages/qtpyvcp/yaml_lib/../widgets/virtual_input/numpad.ui
  text:
    provider: qtpyvcp.widgets.virtual_input.virtual_input:VirtualInput
    kwargs:
      ui_file: /usr/lib/python3/dist-packages/qtpyvcp/yaml_lib/../widgets/virtual_input/keyboard.ui
application:
  provider: qtpyvcp.app.application:VCPApplication
  kwargs:
    stylesheet: /usr/lib/python3/dist-packages/probe_basic/probe_basic.qss
    custom_fonts: /usr/lib/python3/dist-packages/probe_basic/fonts
settings:
  touch-probe.diameter-offset:
    default_value: 0.123123
    persistent: true
    min_value: 0
    max_value: 1
  dro.display-units:
    default_value: 0
    options:
    - Auto
    - Inch
    - Metric
  dro.lathe-radius-mode:
    default_value: 0
    options:
    - Auto
    - Radius
    - Diameter
  dro.inch-format:
    default_value: '%9.4f'
    value_type: str
  dro.millimeter-format:
    default_value: '%9.3f'
    value_type: str
  dro.degree-format:
    default_value: '%9.2f'
  offset_table.min_range:
    default_value: -1000
  offset_table.max_range:
    default_value: 1000
  backplot.show-grid:
    default_value: false
  backplot.show-program-bounds:
    default_value: false
  backplot.show-machine-bounds:
    default_value: false
  backplot.show-machine-labels:
    default_value: false
  backplot.show-machine-ticks:
    default_value: false
  backplot.perspective-view:
    default_value: false
  backplot.view:
    default_value: P
    options:
    - 'X: Front View'
    - 'XZ: Lathe View'
    - 'XZ2: Lathe View'
    - 'Y: Front View'
    - 'Z: Top View'
    - 'Z2: Bottom View'
    - 'P: Isometric'
  backplot.multitool-colors:
    default_value: true
  touch-probe.calibration-offset:
    description: Probe trigger point offset.
    default_value: 0.0
    persistent: true
    min_value: 0
    max_value: 1
  probe-parameters.probe-tool-number:
    description: probe tool number.
    default_value: 0.0
    persistent: true
    min_value: 0
    max_value: 9999
  probe-parameters.step-off-width:
    description: probe step off width.
    default_value: 0.0
    persistent: true
    min_value: 0
    max_value: 10000
  probe-parameters.probe-fast-fr:
    description: probe fast feedrate.
    default_value: 0.0
    persistent: true
    min_value: 0
    max_value: 10000
  probe-parameters.probe-slow-fr:
    description: probe slow feedrate.
    default_value: 0.0
    persistent: true
    min_value: 0
    max_value: 10000
  probe-parameters.max-xy-distance:
    description: max x and y probe travel distance.
    default_value: 0.0
    persistent: true
    min_value: 0
    max_value: 10000
  probe-parameters.xy-clearance:
    description: x and y clearance distance.
    default_value: 0.0
    persistent: true
    min_value: 0
    max_value: 10000
  probe-parameters.max-z-distance:
    description: max z probe travel distance.
    default_value: 0.0
    persistent: true
    min_value: 0
    max_value: 10000
  probe-parameters.z-clearance:
    description: z clearance distance.
    default_value: 0.0
    persistent: true
    min_value: 0
    max_value: 10000
  probe-parameters.extra-probe-depth:
    description: extra probe depth.
    default_value: 0.0
    persistent: true
    min_value: -10000
    max_value: 10000
  probe-parameters.edge-width:
    description: edge width probing distance.
    default_value: 0.0
    persistent: true
    min_value: 0
    max_value: 10000
  spindle-rpm-display.calculated-rpm:
    description: display calculated rpm on main page.
    persistent: true
  spindle-rpm-display.encoder-feedback-rpm:
    description: display encoder feedback rpm on main page.
    persistent: true
  tool-change-position.x-tool-change-position:
    description: x axis tool change position.
    default_value: 0.0
    persistent: true
    min_value: -10000
    max_value: 10000
  tool-change-position.y-tool-change-position:
    description: y axis tool change position.
    default_value: 0.0
    persistent: true
    min_value: -10000
    max_value: 10000
  tool-change-position.z-tool-change-position:
    description: z axis tool change position.
    default_value: 0.0
    persistent: true
    min_value: -10000
    max_value: 10000
  tool-setter-probe.fast-probe-fr:
    description: tool probe fast feedrate.
    default_value: 0.0
    persistent: true
    min_value: -10000
    max_value: 10000
  tool-setter-probe.slow-probe-fr:
    description: tool probe slow feedrate.
    default_value: 0.0
    persistent: true
    min_value: -10000
    max_value: 10000
  tool-setter-probe.z-max-travel:
    description: maximumm z travel while probing before erroring out.
    default_value: 0.0
    persistent: true
    min_value: -10000
    max_value: 10000
  tool-setter-probe.xy-max-travel:
    description: maximumm xy travel while probing before erroring out.
    default_value: 0.0
    persistent: true
    min_value: -10000
    max_value: 10000
  tool-setter-probe.retract-distance:
    description: distance tool retracts after fast probe move.
    default_value: 0.0
    persistent: true
    min_value: -10000
    max_value: 10000
  tool-setter-probe.spindle-nose-height:
    description: distance from home to tool setter for the spindle nose.
    default_value: 0.0
    persistent: true
    min_value: -10000
    max_value: 10000
  backplot.show-program-labels:
    default_value: false
  backplot.show-program-ticks:
    default_value: false
menubar: *id001
qtdesigner:
  ui_file: /usr/lib/python3/dist-packages/probe_basic/probe_basic.ui
  qss_file: /usr/lib/python3/dist-packages/probe_basic/probe_basic.qss


2024-07-17 18:32:59,533 - qtpyvcp.utilities.info - INFO - Machine appearers to be a gantry config having a double X axis
2024-07-17 18:32:59,534 - qtpyvcp.utilities.info - INFO - The machine has 4 axes and 5 joints
2024-07-17 18:32:59,534 - qtpyvcp.utilities.info - INFO - The Axis/Joint mapping is:
2024-07-17 18:32:59,534 - qtpyvcp.utilities.info - INFO - Axis X0 --> Joint 0
2024-07-17 18:32:59,534 - qtpyvcp.utilities.info - INFO - Axis X1 --> Joint 1
2024-07-17 18:32:59,534 - qtpyvcp.utilities.info - INFO - Axis Y --> Joint 2
2024-07-17 18:32:59,534 - qtpyvcp.utilities.info - INFO - Axis Z --> Joint 3
2024-07-17 18:32:59,535 - qtpyvcp.utilities.info - INFO - Axis A --> Joint 4
2024-07-17 18:32:59,535 - qtpyvcp.app.launcher - DEBUG - Time: 0.000 (+0.000) - in script
2024-07-17 18:32:59,536 - qtpyvcp.app.launcher - DEBUG - Loading data plugings
2024-07-17 18:32:59,536 - qtpyvcp.plugins - DEBUG - Loading plugin 'status' from 'qtpyvcp.plugins.status:Status'
2024-07-17 18:32:59,540 - qtpyvcp.plugins.status - DEBUG - ---------set mdi_history: None, ['G1Y87F500', 'G1Y87', 'M3S16000', 'M3S24000', 'M3S20000', 'M3S6000', 'M3S10000', 'G53G0X624.3Y30.8', 'G54G1Z-4F50', 'G53G1X624.3Y30.8F100', 'GL', 'M5', 'M3S300', 'G0X0Y0', 'M3S12000']
2024-07-17 18:32:59,546 - qtpyvcp.plugins - DEBUG - Loading plugin 'persistent_data_manager' from 'qtpyvcp.plugins.persistent_data_manager:PersistentDataManager'
2024-07-17 18:32:59,547 - qtpyvcp.plugins - DEBUG - Loading plugin 'settings' from 'qtpyvcp.plugins.settings:Settings'
2024-07-17 18:32:59,549 - qtpyvcp.plugins - DEBUG - Loading plugin 'position' from 'qtpyvcp.plugins.positions:Position'
2024-07-17 18:32:59,550 - qtpyvcp.plugins - DEBUG - Loading plugin 'tooltable' from 'qtpyvcp.plugins.tool_table:ToolTable'
2024-07-17 18:32:59,558 - qtpyvcp.plugins - DEBUG - Loading plugin 'offsettable' from 'qtpyvcp.plugins.offset_table:OffsetTable'
2024-07-17 18:32:59,560 - qtpyvcp.plugins - DEBUG - Loading plugin 'notifications' from 'qtpyvcp.plugins.notifications:Notifications'
2024-07-17 18:32:59,587 - qtpyvcp.plugins - DEBUG - Loading plugin 'file_locations' from 'qtpyvcp.plugins.file_locations:FileLocations'
2024-07-17 18:32:59,618 - qtpyvcp.plugins - DEBUG - Loading plugin 'exportedhal' from 'qtpyvcp.plugins.exported_hal:ExportedHal'
2024-07-17 18:32:59,619 - qtpyvcp.plugins - DEBUG - Loading plugin 'virtual_input' from 'qtpyvcp.plugins.virtual_input_manager:VirtualInputManager'
2024-07-17 18:32:59,619 - qtpyvcp.plugins - DEBUG - Loading plugin 'gcode_properties' from 'qtpyvcp.plugins.gcode_properties:GCodeProperties'
2024-07-17 18:33:01,267 - qtpyvcp.app.launcher - DEBUG - Time: 1.732 (+1.732) - done loading data plugins
2024-07-17 18:33:01,267 - qtpyvcp.app.launcher - DEBUG - Initializing app
2024-07-17 18:33:01,392 - qtpyvcp.plugins - DEBUG - Initializing 'status' plugin
2024-07-17 18:33:01,393 - qtpyvcp.plugins.status - DEBUG - Starting periodic updates with 75ms cycle time
2024-07-17 18:33:01,393 - qtpyvcp.plugins - DEBUG - Initializing 'persistent_data_manager' plugin
2024-07-17 18:33:01,398 - qtpyvcp.plugins - DEBUG - Initializing 'settings' plugin
2024-07-17 18:33:01,399 - qtpyvcp.actions.machine_actions - DEBUG - Setting jog linear speed: 1500.0
2024-07-17 18:33:01,399 - qtpyvcp.actions.machine_actions - DEBUG - Setting Jog Angular Speed: 1080
2024-07-17 18:33:01,399 - qtpyvcp.plugins - DEBUG - Initializing 'position' plugin
2024-07-17 18:33:01,399 - qtpyvcp.plugins - DEBUG - Initializing 'tooltable' plugin
2024-07-17 18:33:01,400 - qtpyvcp.plugins - DEBUG - Initializing 'offsettable' plugin
2024-07-17 18:33:01,400 - qtpyvcp.plugins - DEBUG - Initializing 'notifications' plugin
2024-07-17 18:33:01,401 - qtpyvcp.plugins - DEBUG - Initializing 'file_locations' plugin
2024-07-17 18:33:01,413 - qtpyvcp.plugins - DEBUG - Initializing 'exportedhal' plugin
2024-07-17 18:33:01,414 - qtpyvcp.plugins.exported_hal - DEBUG - Initalizing framework exposed HAL pins
2024-07-17 18:33:01,414 - qtpyvcp.hal.hal_qlib - DEBUG - Adding HAL pin: qtpyvcp.feed-override.reset (bit in)
2024-07-17 18:33:01,414 - qtpyvcp.hal.hal_qlib - DEBUG - Adding HAL pin: qtpyvcp.rapid-override.reset (bit in)
2024-07-17 18:33:01,414 - qtpyvcp.hal.hal_qlib - DEBUG - Adding HAL pin: qtpyvcp.spindle-override.reset (bit in)
2024-07-17 18:33:01,414 - qtpyvcp.plugins - DEBUG - Initializing 'virtual_input' plugin
2024-07-17 18:33:01,456 - qtpyvcp.plugins - DEBUG - Initializing 'gcode_properties' plugin
2024-07-17 18:33:01,456 - qtpyvcp - INFO - Loading global stylesheet: /usr/lib/python3/dist-packages/probe_basic/probe_basic.qss
2024-07-17 18:33:01,463 - qtpyvcp - DEBUG - Loading custom font: /usr/lib/python3/dist-packages/probe_basic/fonts/BebasKai.ttf
2024-07-17 18:33:01,482 - qtpyvcp.app.launcher - DEBUG - Time: 1.947 (+0.215) - done initializing app
2024-07-17 18:33:01,482 - qtpyvcp.app.launcher - DEBUG - Loading dialogs
2024-07-17 18:33:01,894 - qtpyvcp.hal - INFO - Creating new HAL component: qtpyvcp_manualtoolchange
2024-07-17 18:33:01,895 - qtpyvcp.hal.hal_qlib - DEBUG - Adding HAL pin: qtpyvcp_manualtoolchange.number (s32 in)
2024-07-17 18:33:01,895 - qtpyvcp.hal.hal_qlib - DEBUG - Adding HAL pin: qtpyvcp_manualtoolchange.change (bit in)
2024-07-17 18:33:01,895 - qtpyvcp.hal.hal_qlib - DEBUG - Adding HAL pin: qtpyvcp_manualtoolchange.changed (bit out)
2024-07-17 18:33:01,895 - qtpyvcp.hal.hal_qlib - DEBUG - Adding HAL pin: qtpyvcp_manualtoolchange.change_button (bit in)
2024-07-17 18:33:01,907 - qtpyvcp.app.launcher - DEBUG - Time: 2.372 (+0.425) - done loading dialogs
2024-07-17 18:33:01,907 - qtpyvcp.app.launcher - DEBUG - Loading windows
2024-07-17 18:33:02,529 - qtpyvcp.widgets.display_widgets.vtk_backplot.vtk_backplot - DEBUG - ---------active_wcs_index -1
2024-07-17 18:33:02,530 - qtpyvcp.widgets.display_widgets.vtk_backplot.vtk_backplot - DEBUG - ---------active_wcs_offset (0.0, 0.0, 0.0, 0.0, 0.0, 0.0, 0.0, 0.0, 0.0)
2024-07-17 18:33:02,530 - qtpyvcp.widgets.display_widgets.vtk_backplot.vtk_backplot - DEBUG - ---------wcs_offsets {0: [0.0, 0.0, -116.325, 0.0, 0.0, 0.0, 0.0, 0.0, 0.0, 0.0], 1: [384.231327, 277.387001, -102.101833, 0.0, 0.0, 0.0, 0.0, 0.0, 0.0, 0.0], 2: [578.705992, 331.783332, -107.033834, 0.0, 0.0, 0.0, 0.0, 0.0, 0.0, 0.0], 3: [0.0, 0.0, 0.0, 0.0, 0.0, 0.0, 0.0, 0.0, 0.0, 0.0], 4: [0.0, 0.0, 0.0, 0.0, 0.0, 0.0, 0.0, 0.0, 0.0, 0.0], 5: [128.794995, 585.153666, -119.546834, 0.0, 0.0, 0.0, 0.0, 0.0, 0.0, 0.0], 6: [0.0, 0.0, 0.0, 0.0, 0.0, 0.0, 0.0, 0.0, 0.0, 0.0], 7: [0.0, 0.0, 0.0, 0.0, 0.0, 0.0, 0.0, 0.0, 0.0, 0.0], 8: [0.0, 0.0, 0.0, 0.0, 0.0, 0.0, 0.0, 0.0, 0.0, 0.0]}
2024-07-17 18:33:02,562 - qtpyvcp.widgets.display_widgets.vtk_backplot.vtk_backplot - DEBUG - ---------translate: (0.0, 0.0, 0.0)
2024-07-17 18:33:02,562 - qtpyvcp.widgets.display_widgets.vtk_backplot.vtk_backplot - DEBUG - ---------active_wcs_offset: (0.0, 0.0, 0.0, 0.0, 0.0, 0.0, 0.0, 0.0, 0.0)
2024-07-17 18:33:02,565 - qtpyvcp.widgets.display_widgets.vtk_backplot.vtk_backplot - DEBUG - show grid
2024-07-17 18:33:02,727 - qtpyvcp.widgets.display_widgets.vtk_backplot.vtk_backplot - DEBUG - Setting view to: P
2024-07-17 18:33:05,581 - qtpyvcp.widgets.display_widgets.vtk_backplot.vtk_backplot - DEBUG - -----setViewMachine
2024-07-17 18:33:05,581 - qtpyvcp.widgets.display_widgets.vtk_backplot.vtk_backplot - DEBUG - -----machine_bounds: (-0.01, 780.0, -0.01, 704.0, -140.0, 0.0)
2024-07-17 18:33:05,581 - qtpyvcp.widgets.display_widgets.vtk_backplot.vtk_backplot - DEBUG - -----machine_center: (389.995, 351.995, -70.0)
2024-07-17 18:33:05,581 - qtpyvcp.widgets.display_widgets.vtk_backplot.vtk_backplot - DEBUG - -----x_dist: 780.01
2024-07-17 18:33:05,582 - qtpyvcp.widgets.display_widgets.vtk_backplot.vtk_backplot - DEBUG - -----y_dist: 704.01
2024-07-17 18:33:05,582 - qtpyvcp.widgets.display_widgets.vtk_backplot.vtk_backplot - DEBUG - -----z_dist: 140.0
2024-07-17 18:33:05,586 - qtpyvcp.plugins - DEBUG - Post GUI Initializing 'status' plugin
2024-07-17 18:33:05,586 - qtpyvcp.plugins - DEBUG - Post GUI Initializing 'persistent_data_manager' plugin
2024-07-17 18:33:05,586 - qtpyvcp.plugins - DEBUG - Post GUI Initializing 'settings' plugin
2024-07-17 18:33:05,586 - qtpyvcp.plugins - DEBUG - Post GUI Initializing 'position' plugin
2024-07-17 18:33:05,587 - qtpyvcp.plugins - DEBUG - Post GUI Initializing 'tooltable' plugin
2024-07-17 18:33:05,587 - qtpyvcp.plugins - DEBUG - Post GUI Initializing 'offsettable' plugin
2024-07-17 18:33:05,587 - qtpyvcp.plugins - DEBUG - Post GUI Initializing 'notifications' plugin
2024-07-17 18:33:05,587 - qtpyvcp.plugins - DEBUG - Post GUI Initializing 'file_locations' plugin
2024-07-17 18:33:05,588 - qtpyvcp.plugins - DEBUG - Post GUI Initializing 'exportedhal' plugin
2024-07-17 18:33:05,588 - qtpyvcp.plugins - DEBUG - Post GUI Initializing 'virtual_input' plugin
2024-07-17 18:33:05,588 - qtpyvcp.plugins - DEBUG - Post GUI Initializing 'gcode_properties' plugin
2024-07-17 18:33:05,948 - qtpyvcp.app.launcher - DEBUG - Time: 6.413 (+4.041) - done loading windows
2024-07-17 18:33:05,948 - qtpyvcp.app.launcher - DEBUG - Initializing widgets
2024-07-17 18:33:05,963 - qtpyvcp.hal - DEBUG - Using existing HAL component: qtpyvcp
2024-07-17 18:33:05,964 - qtpyvcp.hal.hal_qlib - DEBUG - Adding HAL pin: qtpyvcp.probe-led.on (bit in)
2024-07-17 18:33:05,964 - qtpyvcp.hal.hal_qlib - DEBUG - Adding HAL pin: qtpyvcp.probe-led.flash (bit in)
2024-07-17 18:33:05,964 - qtpyvcp.hal.hal_qlib - DEBUG - Adding HAL pin: qtpyvcp.probe-led.flash-rate (u32 in)
2024-07-17 18:33:05,966 - qtpyvcp.hal - DEBUG - Using existing HAL component: qtpyvcp
2024-07-17 18:33:05,966 - qtpyvcp.hal.hal_qlib - DEBUG - Adding HAL pin: qtpyvcp.timerseconds.enable (bit in)
2024-07-17 18:33:05,967 - qtpyvcp.hal.hal_qlib - DEBUG - Adding HAL pin: qtpyvcp.timerseconds.in (u32 in)
2024-07-17 18:33:05,968 - qtpyvcp.hal - DEBUG - Using existing HAL component: qtpyvcp
2024-07-17 18:33:05,969 - qtpyvcp.hal.hal_qlib - DEBUG - Adding HAL pin: qtpyvcp.timerminutes.enable (bit in)
2024-07-17 18:33:05,969 - qtpyvcp.hal.hal_qlib - DEBUG - Adding HAL pin: qtpyvcp.timerminutes.in (u32 in)
2024-07-17 18:33:05,969 - qtpyvcp.hal - DEBUG - Using existing HAL component: qtpyvcp
2024-07-17 18:33:05,969 - qtpyvcp.hal.hal_qlib - DEBUG - Adding HAL pin: qtpyvcp.spindle-encoder-rpm.enable (bit in)
2024-07-17 18:33:05,970 - qtpyvcp.hal.hal_qlib - DEBUG - Adding HAL pin: qtpyvcp.spindle-encoder-rpm.in (float in)
2024-07-17 18:33:05,973 - qtpyvcp.hal - DEBUG - Using existing HAL component: qtpyvcp
2024-07-17 18:33:05,973 - qtpyvcp.hal.hal_qlib - DEBUG - Adding HAL pin: qtpyvcp.timerhours.enable (bit in)
2024-07-17 18:33:05,973 - qtpyvcp.hal.hal_qlib - DEBUG - Adding HAL pin: qtpyvcp.timerhours.in (u32 in)
2024-07-17 18:33:05,974 - qtpyvcp.hal - DEBUG - Using existing HAL component: qtpyvcp
2024-07-17 18:33:05,974 - qtpyvcp.hal.hal_qlib - DEBUG - Adding HAL pin: qtpyvcp.probe-in.enable (bit in)
2024-07-17 18:33:05,974 - qtpyvcp.hal.hal_qlib - DEBUG - Adding HAL pin: qtpyvcp.probe-in.out (bit out)
2024-07-17 18:33:05,974 - qtpyvcp.hal.hal_qlib - DEBUG - Adding HAL pin: qtpyvcp.probe-in.io (bit io)
2024-07-17 18:33:06,212 - qtpyvcp.hal - DEBUG - Using existing HAL component: qtpyvcp
2024-07-17 18:33:06,213 - qtpyvcp.hal.hal_qlib - DEBUG - Adding HAL pin: qtpyvcp.spindle-load-indicator.in-f (float in)
2024-07-17 18:33:06,213 - qtpyvcp.hal.hal_qlib - DEBUG - Adding HAL pin: qtpyvcp.spindle-load-indicator.in-i (u32 in)
2024-07-17 18:33:06,213 - qtpyvcp.hal.hal_qlib - DEBUG - Adding HAL pin: qtpyvcp.spindle-load-indicator.min-val (float in)
2024-07-17 18:33:06,213 - qtpyvcp.hal.hal_qlib - DEBUG - Adding HAL pin: qtpyvcp.spindle-load-indicator.max-val (float in)
2024-07-17 18:33:06,219 - qtpyvcp.app.launcher - DEBUG - Time: 6.685 (+0.272) - done initializing widgets
2024-07-17 18:33:06,220 - qtpyvcp.app.launcher - INFO - Loading POSTGUI_HALFILE: /home/linuxcnc/linuxcnc/configs/CNC/time.hal
2024-07-17 18:33:37,111 - qtpyvcp.widgets.display_widgets.vtk_backplot.vtk_backplot - DEBUG - button event LeftButtonPressEvent
2024-07-17 18:33:37,182 - qtpyvcp.widgets.display_widgets.vtk_backplot.vtk_backplot - DEBUG - button event LeftButtonReleaseEvent
2024-07-17 18:33:51,749 - qtpyvcp.plugins.notifications - ERROR - Loading matrix
2024-07-17 18:33:51,927 - qtpyvcp.plugins.notifications - ERROR - Reading matrix
2024-07-17 18:33:52,126 - qtpyvcp.plugins.notifications - ERROR - Reading matrix
2024-07-17 18:33:52,325 - qtpyvcp.plugins.notifications - ERROR - Reading matrix
2024-07-17 18:33:52,526 - qtpyvcp.plugins.notifications - ERROR - Reading matrix
2024-07-17 18:33:52,725 - qtpyvcp.plugins.notifications - ERROR - Reading matrix
2024-07-17 18:33:52,925 - qtpyvcp.plugins.notifications - ERROR - Reading matrix
2024-07-17 18:33:53,126 - qtpyvcp.plugins.notifications - ERROR - Reading matrix
2024-07-17 18:33:53,326 - qtpyvcp.plugins.notifications - ERROR - Reading matrix
2024-07-17 18:33:53,526 - qtpyvcp.plugins.notifications - ERROR - Reading matrix
2024-07-17 18:33:53,725 - qtpyvcp.plugins.notifications - ERROR - Reading matrix
2024-07-17 18:33:53,925 - qtpyvcp.plugins.notifications - ERROR - Reading matrix
2024-07-17 18:33:54,126 - qtpyvcp.plugins.notifications - ERROR - Reading matrix
2024-07-17 18:33:54,326 - qtpyvcp.plugins.notifications - ERROR - Reading matrix
2024-07-17 18:33:54,526 - qtpyvcp.plugins.notifications - ERROR - Reading matrix
2024-07-17 18:33:54,725 - qtpyvcp.plugins.notifications - ERROR - Reading matrix
2024-07-17 18:33:54,925 - qtpyvcp.plugins.notifications - ERROR - Reading matrix
2024-07-17 18:33:55,125 - qtpyvcp.plugins.notifications - ERROR - Reading matrix
2024-07-17 18:33:55,325 - qtpyvcp.plugins.notifications - ERROR - Reading matrix
2024-07-17 18:33:55,526 - qtpyvcp.plugins.notifications - ERROR - Reading matrix
2024-07-17 18:33:55,725 - qtpyvcp.plugins.notifications - ERROR - Reading matrix
2024-07-17 18:33:55,925 - qtpyvcp.plugins.notifications - ERROR - Reading matrix
2024-07-17 18:33:56,126 - qtpyvcp.plugins.notifications - ERROR - Reading matrix
2024-07-17 18:33:56,326 - qtpyvcp.plugins.notifications - ERROR - Reading matrix
2024-07-17 18:33:56,525 - qtpyvcp.plugins.notifications - ERROR - Reading matrix
2024-07-17 18:33:56,725 - qtpyvcp.plugins.notifications - ERROR - Reading matrix
2024-07-17 18:33:56,926 - qtpyvcp.plugins.notifications - ERROR - Reading matrix
2024-07-17 18:33:57,126 - qtpyvcp.plugins.notifications - ERROR - Reading matrix
2024-07-17 18:33:57,326 - qtpyvcp.plugins.notifications - ERROR - Reading matrix
2024-07-17 18:33:57,526 - qtpyvcp.plugins.notifications - ERROR - Reading matrix
2024-07-17 18:33:57,726 - qtpyvcp.plugins.notifications - ERROR - Reading matrix
2024-07-17 18:33:57,925 - qtpyvcp.plugins.notifications - ERROR - Reading matrix
2024-07-17 18:33:58,126 - qtpyvcp.plugins.notifications - ERROR - Reading matrix
2024-07-17 18:34:51,231 - qtpyvcp.widgets.display_widgets.vtk_backplot.vtk_backplot - DEBUG - button event LeftButtonPressEvent
2024-07-17 18:34:51,284 - qtpyvcp.widgets.display_widgets.vtk_backplot.vtk_backplot - DEBUG - button event LeftButtonReleaseEvent
2024-07-17 18:34:53,000 - qtpyvcp - DEBUG - Terminating widgets
2024-07-17 18:34:53,017 - qtpyvcp.plugins - DEBUG - Terminating 'gcode_properties' plugin
2024-07-17 18:34:53,017 - qtpyvcp.plugins - DEBUG - Terminating 'virtual_input' plugin
2024-07-17 18:34:53,017 - qtpyvcp.plugins - DEBUG - Terminating 'exportedhal' plugin
2024-07-17 18:34:53,017 - qtpyvcp.plugins - DEBUG - Terminating 'file_locations' plugin
2024-07-17 18:34:53,018 - qtpyvcp.plugins - DEBUG - Terminating 'notifications' plugin
2024-07-17 18:34:53,018 - qtpyvcp.plugins - DEBUG - Terminating 'offsettable' plugin
2024-07-17 18:34:53,018 - qtpyvcp.plugins - DEBUG - Terminating 'tooltable' plugin
2024-07-17 18:34:53,018 - qtpyvcp.plugins - DEBUG - Terminating 'position' plugin
2024-07-17 18:34:53,018 - qtpyvcp.plugins - DEBUG - Terminating 'settings' plugin
2024-07-17 18:34:53,019 - qtpyvcp.plugins - DEBUG - Terminating 'persistent_data_manager' plugin
2024-07-17 18:34:53,019 - qtpyvcp.plugins.persistent_data_manager - DEBUG - Writing persistent data to file: /home/linuxcnc/linuxcnc/configs/CNC/.vcp_persistent_data.pickle
2024-07-17 18:34:53,029 - qtpyvcp.plugins - DEBUG - Terminating 'status' plugin
